2025-06-02 16:28:22 Loading main app package /usr/lib/obsidian/obsidian.asar
2025-06-02 16:28:22 Checking for update using Github
2025-06-02 16:28:23 Success.
2025-06-02 16:28:23 Latest version is 1.8.10
2025-06-02 16:28:23 App is up to date.
2025-06-02 16:37:44 Loading main app package /usr/lib/obsidian/obsidian.asar
2025-06-02 16:37:44 Checking for update using Github
2025-06-02 16:37:44 Success.
2025-06-02 16:37:44 Latest version is 1.8.10
2025-06-02 16:37:44 App is up to date.
2025-06-03 15:02:11 Loading main app package /usr/lib/obsidian/obsidian.asar
2025-06-03 15:02:12 Checking for update using Github
2025-06-03 15:02:12 Success.
2025-06-03 15:02:12 Latest version is 1.8.10
2025-06-03 15:02:12 App is up to date.
2025-06-03 16:02:11 Checking for update using Github
2025-06-03 16:02:12 Success.
2025-06-03 16:02:12 Latest version is 1.8.10
2025-06-03 16:02:12 App is up to date.
2025-06-03 17:02:11 Checking for update using Github
2025-06-03 17:02:12 Success.
2025-06-03 17:02:12 Latest version is 1.8.10
2025-06-03 17:02:12 App is up to date.
2025-06-03 18:02:11 Checking for update using Github
2025-06-03 18:02:12 Success.
2025-06-03 18:02:12 Latest version is 1.8.10
2025-06-03 18:02:12 App is up to date.
2025-06-03 19:02:11 Checking for update using Github
2025-06-03 19:02:12 Success.
2025-06-03 19:02:12 Latest version is 1.8.10
2025-06-03 19:02:12 App is up to date.
2025-06-04 05:44:34 Loading main app package /usr/lib/obsidian/obsidian.asar
2025-06-04 05:44:34 Checking for update using Github
2025-06-04 05:44:35 Success.
2025-06-04 05:44:35 Latest version is 1.8.10
2025-06-04 05:44:35 App is up to date.
2025-06-04 07:09:23 Checking for update using Github
2025-06-04 07:09:23 Success.
2025-06-04 07:09:23 Latest version is 1.8.10
2025-06-04 07:09:23 App is up to date.
2025-06-04 08:09:23 Checking for update using Github
2025-06-04 08:09:23 Success.
2025-06-04 08:09:23 Latest version is 1.8.10
2025-06-04 08:09:23 App is up to date.
2025-06-04 09:09:23 Checking for update using Github
2025-06-04 09:09:23 Success.
2025-06-04 09:09:23 Latest version is 1.8.10
2025-06-04 09:09:23 App is up to date.
2025-06-04 10:09:23 Checking for update using Github
2025-06-04 10:09:23 Success.
2025-06-04 10:09:23 Latest version is 1.8.10
2025-06-04 10:09:23 App is up to date.
2025-06-04 16:33:42 Checking for update using Github
2025-06-04 16:33:42 Success.
2025-06-04 16:33:42 Latest version is 1.8.10
2025-06-04 16:33:42 App is up to date.
2025-06-04 17:33:43 Checking for update using Github
2025-06-04 17:33:43 Success.
2025-06-04 17:33:43 Latest version is 1.8.10
2025-06-04 17:33:43 App is up to date.
2025-06-04 18:30:57 Loading main app package /usr/lib/obsidian/obsidian.asar
2025-06-04 18:30:58 Checking for update using Github
2025-06-04 18:30:58 Success.
2025-06-04 18:30:58 Latest version is 1.8.10
2025-06-04 18:30:58 App is up to date.
2025-06-04 18:48:56 Loading main app package /usr/lib/obsidian/obsidian.asar
2025-06-04 18:48:56 Checking for update using Github
2025-06-04 18:48:56 Success.
2025-06-04 18:48:56 Latest version is 1.8.10
2025-06-04 18:48:56 App is up to date.
2025-06-04 18:55:10 Loading main app package /usr/lib/obsidian/obsidian.asar
2025-06-04 18:55:10 Checking for update using Github
2025-06-04 18:55:10 Success.
2025-06-04 18:55:10 Latest version is 1.8.10
2025-06-04 18:55:10 App is up to date.
2025-06-04 18:57:22 Loading main app package /usr/lib/obsidian/obsidian.asar
2025-06-04 18:57:23 Checking for update using Github
2025-06-04 18:57:23 Success.
2025-06-04 18:57:23 Latest version is 1.8.10
2025-06-04 18:57:23 App is up to date.
2025-06-04 18:59:23 Loading main app package /usr/lib/obsidian/obsidian.asar
2025-06-04 18:59:24 Checking for update using Github
2025-06-04 18:59:24 Success.
2025-06-04 18:59:24 Latest version is 1.8.10
2025-06-04 18:59:24 App is up to date.
2025-06-04 19:19:47 Loading main app package /usr/lib/obsidian/obsidian.asar
2025-06-04 19:19:48 Checking for update using Github
2025-06-04 19:19:48 Success.
2025-06-04 19:19:48 Latest version is 1.8.10
2025-06-04 19:19:48 App is up to date.
2025-06-04 19:26:39 Loading main app package /usr/lib/obsidian/obsidian.asar
2025-06-04 19:26:40 Checking for update using Github
2025-06-04 19:26:40 Success.
2025-06-04 19:26:40 Latest version is 1.8.10
2025-06-04 19:26:40 App is up to date.
2025-06-04 19:30:51 Loading main app package /usr/lib/obsidian/obsidian.asar
2025-06-04 19:30:51 Checking for update using Github
2025-06-04 19:30:51 Success.
2025-06-04 19:30:51 Latest version is 1.8.10
2025-06-04 19:30:51 App is up to date.
2025-06-05 06:12:53 Loading main app package /usr/lib/obsidian/obsidian.asar
2025-06-05 06:12:53 Checking for update using Github
2025-06-05 06:12:53 Success.
2025-06-05 06:12:53 Latest version is 1.8.10
2025-06-05 06:12:53 App is up to date.
2025-06-05 07:19:07 Checking for update using Github
2025-06-05 07:19:07 Success.
2025-06-05 07:19:07 Latest version is 1.8.10
2025-06-05 07:19:07 App is up to date.
2025-06-05 08:19:07 Checking for update using Github
2025-06-05 08:19:07 Success.
2025-06-05 08:19:07 Latest version is 1.8.10
2025-06-05 08:19:07 App is up to date.
2025-06-05 09:19:07 Checking for update using Github
2025-06-05 09:19:07 Success.
2025-06-05 09:19:07 Latest version is 1.8.10
2025-06-05 09:19:07 App is up to date.
2025-06-05 15:55:09 Checking for update using Github
2025-06-05 15:55:09 Success.
2025-06-05 15:55:09 Latest version is 1.8.10
2025-06-05 15:55:09 App is up to date.
2025-06-05 17:24:41 Loading main app package /usr/lib/obsidian/obsidian.asar
2025-06-05 17:24:41 Checking for update using Github
2025-06-05 17:24:43 Success.
2025-06-05 17:24:43 Latest version is 1.8.10
2025-06-05 17:24:43 App is up to date.
2025-06-05 18:24:41 Checking for update using Github
2025-06-05 18:24:41 Success.
2025-06-05 18:24:41 Latest version is 1.8.10
2025-06-05 18:24:41 App is up to date.
2025-06-06 05:50:15 Loading main app package /usr/lib/obsidian/obsidian.asar
2025-06-06 05:50:15 Checking for update using Github
2025-06-06 05:50:16 Success.
2025-06-06 05:50:16 Latest version is 1.8.10
2025-06-06 05:50:16 App is up to date.
2025-06-06 09:27:35 Loading main app package /usr/lib/obsidian/obsidian.asar
2025-06-06 09:27:35 Checking for update using Github
2025-06-06 09:27:38 Success.
2025-06-06 09:27:38 Latest version is 1.8.10
2025-06-06 09:27:38 App is up to date.
2025-06-06 10:22:22 Loading main app package /usr/lib/obsidian/obsidian.asar
2025-06-06 10:22:22 Checking for update using Github
2025-06-06 10:22:23 Failed to check for update using Github (net::ERR_INTERNET_DISCONNECTED)
2025-06-06 10:22:23 Checking for update using obsidian.md
2025-06-06 10:22:23 Failed to check for update using obsidian.md (net::ERR_INTERNET_DISCONNECTED)
2025-06-06 10:24:02 Loading main app package /usr/lib/obsidian/obsidian.asar
2025-06-06 10:24:03 Checking for update using Github
2025-06-06 10:24:03 Failed to check for update using Github (net::ERR_INTERNET_DISCONNECTED)
2025-06-06 10:24:03 Checking for update using obsidian.md
2025-06-06 10:24:03 Failed to check for update using obsidian.md (net::ERR_INTERNET_DISCONNECTED)
2025-06-07 20:38:57 Loading main app package /usr/lib/obsidian/obsidian.asar
2025-06-07 20:38:57 Checking for update using Github
2025-06-07 20:38:58 Success.
2025-06-07 20:38:58 Latest version is 1.8.10
2025-06-07 20:38:58 App is up to date.
2025-06-08 14:48:23 Loading main app package /usr/lib/obsidian/obsidian.asar
2025-06-08 14:48:24 Checking for update using Github
2025-06-08 14:48:24 Success.
2025-06-08 14:48:24 Latest version is 1.8.10
2025-06-08 14:48:24 App is up to date.
2025-06-09 10:25:32 Loading main app package /usr/lib/obsidian/obsidian.asar
2025-06-09 10:25:32 Checking for update using Github
2025-06-09 10:25:33 Success.
2025-06-09 10:25:33 Latest version is 1.8.10
2025-06-09 10:25:33 App is up to date.
2025-06-09 11:25:32 Checking for update using Github
2025-06-09 11:25:32 Success.
2025-06-09 11:25:32 Latest version is 1.8.10
2025-06-09 11:25:32 App is up to date.
2025-06-17 06:26:52 Loading main app package /usr/lib/obsidian/obsidian.asar
2025-06-17 06:26:52 Checking for update using Github
2025-06-17 06:26:53 Success.
2025-06-17 06:26:53 Latest version is 1.8.10
2025-06-17 06:26:53 App is up to date.
2025-06-17 12:53:22 Loading main app package /usr/lib/obsidian/obsidian.asar
2025-06-17 12:53:22 Checking for update using Github
2025-06-17 12:53:23 Success.
2025-06-17 12:53:23 Latest version is 1.8.10
2025-06-17 12:53:23 App is up to date.
2025-06-17 13:53:22 Checking for update using Github
2025-06-17 13:53:22 Success.
2025-06-17 13:53:22 Latest version is 1.8.10
2025-06-17 13:53:22 App is up to date.
2025-06-17 14:53:22 Checking for update using Github
2025-06-17 14:53:22 Success.
2025-06-17 14:53:22 Latest version is 1.8.10
2025-06-17 14:53:22 App is up to date.
2025-06-17 15:53:22 Checking for update using Github
2025-06-17 15:53:22 Success.
2025-06-17 15:53:22 Latest version is 1.8.10
2025-06-17 15:53:22 App is up to date.
2025-06-17 16:53:22 Checking for update using Github
2025-06-17 16:53:22 Success.
2025-06-17 16:53:22 Latest version is 1.8.10
2025-06-17 16:53:22 App is up to date.
2025-06-17 17:53:22 Checking for update using Github
2025-06-17 17:53:22 Success.
2025-06-17 17:53:22 Latest version is 1.8.10
2025-06-17 17:53:22 App is up to date.
2025-06-17 18:53:22 Checking for update using Github
2025-06-17 18:53:22 Success.
2025-06-17 18:53:22 Latest version is 1.8.10
2025-06-17 18:53:22 App is up to date.
2025-06-17 19:53:22 Checking for update using Github
2025-06-17 19:53:22 Success.
2025-06-17 19:53:22 Latest version is 1.8.10
2025-06-17 19:53:22 App is up to date.
2025-06-18 06:11:30 Checking for update using Github
2025-06-18 06:11:31 Success.
2025-06-18 06:11:31 Latest version is 1.8.10
2025-06-18 06:11:31 App is up to date.
2025-06-18 07:11:30 Checking for update using Github
2025-06-18 07:11:31 Success.
2025-06-18 07:11:31 Latest version is 1.8.10
2025-06-18 07:11:31 App is up to date.
